<names>
  <firstName>"Dean"</firstName>
  <lastName>"Kidd"</lastName>
</names>